<?xml version="1.0" encoding="UTF-8"?>
<testsuite xmlns:xsi="http://www.w3.org/2001/XMLSchema-instance" xsi:noNamespaceSchemaLocation="https://maven.apache.org/surefire/maven-surefire-plugin/xsd/surefire-test-report.xsd" name="TestSuite" time="1.473" tests="10" errors="0" skipped="0" failures="0">
  <properties>
[...]
</properties>
  <testcase name="loginPage_001" classname="org.com.taetest.LoginPage" time="0.157"/>
  <testcase name="loginPage_001" classname="org.com.taetest.LoginPage" time="0.001"/>
  <testcase name="loginPage_002" classname="org.com.taetest.LoginPage" time="0"/>
  <testcase name="loginPage_002" classname="org.com.taetest.LoginPage" time="0.001"/>
  <testcase name="loginPage_003" classname="org.com.taetest.LoginPage" time="0.001"/>
  <testcase name="loginPage_003" classname="org.com.taetest.LoginPage" time="0.003"/>
  <testcase name="dashboard_001" classname="org.com.taetest.Dashboard" time="0.001"/>
  <testcase name="dashboard_001" classname="org.com.taetest.Dashboard" time="0.003"/>
  <testcase name="dashboard_002" classname="org.com.taetest.Dashboard" time="0.002"/>
  <testcase name="dashboard_002" classname="org.com.taetest.Dashboard" time="0.002"/>
</testsuite>