<?xml version="1.0" encoding="UTF-8"?>
<testng-results skipped="0" failed="0" ignored="0" total="10" passed="10">
  <reporter-output>
  </reporter-output>
  <suite name="clientSuite" duration-ms="255" started-at="2021-02-25T23:25:59 IST" finished-at="2021-02-25T23:25:59 IST">
    <groups>
    </groups>
    <test name="regresionTests" duration-ms="132" started-at="2021-02-25T23:25:59 IST" finished-at="2021-02-25T23:25:59 IST">
      <class name="org.com.taetest.LoginPage">
        <test-method status="PASS" signature="loginPage_001()[pri:0, instance:org.com.taetest.LoginPage@eec5a4a]" name="loginPage_001" duration-ms="18" started-at="2021-02-25T23:25:59 IST" finished-at="2021-02-25T23:25:59 IST">
          <reporter-output>
          </reporter-output>
        </test-method> <!-- loginPage_001 -->
        <test-method status="PASS" signature="loginPage_002()[pri:0, instance:org.com.taetest.LoginPage@eec5a4a]" name="loginPage_002" duration-ms="5" started-at="2021-02-25T23:25:59 IST" finished-at="2021-02-25T23:25:59 IST">
          <reporter-output>
          </reporter-output>
        </test-method> <!-- loginPage_002 -->
        <test-method status="PASS" signature="loginPage_003()[pri:0, instance:org.com.taetest.LoginPage@eec5a4a]" name="loginPage_003" duration-ms="4" started-at="2021-02-25T23:25:59 IST" finished-at="2021-02-25T23:25:59 IST">
          <reporter-output>
          </reporter-output>
        </test-method> <!-- loginPage_003 -->
      </class> <!-- org.com.taetest.LoginPage -->
      <class name="org.com.taetest.Dashboard">
        <test-method status="PASS" signature="dashboard_001()[pri:0, instance:org.com.taetest.Dashboard@2b2948e2]" name="dashboard_001" duration-ms="5" started-at="2021-02-25T23:25:59 IST" finished-at="2021-02-25T23:25:59 IST">
          <reporter-output>
          </reporter-output>
        </test-method> <!-- dashboard_001 -->
        <test-method status="PASS" signature="dashboard_002()[pri:0, instance:org.com.taetest.Dashboard@2b2948e2]" name="dashboard_002" duration-ms="5" started-at="2021-02-25T23:25:59 IST" finished-at="2021-02-25T23:25:59 IST">
          <reporter-output>
          </reporter-output>
        </test-method> <!-- dashboard_002 -->
      </class> <!-- org.com.taetest.Dashboard -->
    </test> <!-- regresionTests -->
    <test name="sanityTests" duration-ms="43" started-at="2021-02-25T23:25:59 IST" finished-at="2021-02-25T23:25:59 IST">
      <class name="org.com.taetest.LoginPage">
        <test-method status="PASS" signature="loginPage_001()[pri:0, instance:org.com.taetest.LoginPage@50b494a6]" name="loginPage_001" duration-ms="1" started-at="2021-02-25T23:25:59 IST" finished-at="2021-02-25T23:25:59 IST">
          <reporter-output>
          </reporter-output>
        </test-method> <!-- loginPage_001 -->
        <test-method status="PASS" signature="loginPage_002()[pri:0, instance:org.com.taetest.LoginPage@50b494a6]" name="loginPage_002" duration-ms="7" started-at="2021-02-25T23:25:59 IST" finished-at="2021-02-25T23:25:59 IST">
          <reporter-output>
          </reporter-output>
        </test-method> <!-- loginPage_002 -->
        <test-method status="PASS" signature="loginPage_003()[pri:0, instance:org.com.taetest.LoginPage@50b494a6]" name="loginPage_003" duration-ms="2" started-at="2021-02-25T23:25:59 IST" finished-at="2021-02-25T23:25:59 IST">
          <reporter-output>
          </reporter-output>
        </test-method> <!-- loginPage_003 -->
      </class> <!-- org.com.taetest.LoginPage -->
      <class name="org.com.taetest.Dashboard">
        <test-method status="PASS" signature="dashboard_001()[pri:0, instance:org.com.taetest.Dashboard@3cef309d]" name="dashboard_001" duration-ms="2" started-at="2021-02-25T23:25:59 IST" finished-at="2021-02-25T23:25:59 IST">
          <reporter-output>
          </reporter-output>
        </test-method> <!-- dashboard_001 -->
        <test-method status="PASS" signature="dashboard_002()[pri:0, instance:org.com.taetest.Dashboard@3cef309d]" name="dashboard_002" duration-ms="2" started-at="2021-02-25T23:25:59 IST" finished-at="2021-02-25T23:25:59 IST">
          <reporter-output>
          </reporter-output>
        </test-method> <!-- dashboard_002 -->
      </class> <!-- org.com.taetest.Dashboard -->
    </test> <!-- sanityTests -->
  </suite> <!-- clientSuite -->
</testng-results>
