<?xml version="1.0" encoding="UTF-8"?>
<!-- Generated by org.testng.reporters.JUnitXMLReporter -->
<testsuite hostname="DESKTOP-0Q33LGH" ignored="0" name="sanityTests" tests="5" failures="0" timestamp="2021-02-27T15:41:44 IST" time="0.017" errors="0">
  <testcase name="loginPage_001" time="0.002" classname="org.com.taetest.LoginPage"/>
  <testcase name="loginPage_002" time="0.0" classname="org.com.taetest.LoginPage"/>
  <testcase name="loginPage_003" time="0.003" classname="org.com.taetest.LoginPage"/>
  <testcase name="dashboard_001" time="0.002" classname="org.com.taetest.Dashboard"/>
  <testcase name="dashboard_002" time="0.001" classname="org.com.taetest.Dashboard"/>
</testsuite> <!-- sanityTests -->
