<?xml version="1.0" encoding="UTF-8"?>
<!-- Generated by org.testng.reporters.JUnitXMLReporter -->
<testsuite hostname="DESKTOP-0Q33LGH" ignored="0" name="sanityTests" tests="5" failures="0" timestamp="2021-02-25T23:25:59 IST" time="0.043" errors="0">
  <testcase name="loginPage_001" time="0.001" classname="org.com.taetest.LoginPage"/>
  <testcase name="loginPage_002" time="0.007" classname="org.com.taetest.LoginPage"/>
  <testcase name="loginPage_003" time="0.002" classname="org.com.taetest.LoginPage"/>
  <testcase name="dashboard_001" time="0.002" classname="org.com.taetest.Dashboard"/>
  <testcase name="dashboard_002" time="0.002" classname="org.com.taetest.Dashboard"/>
</testsuite> <!-- sanityTests -->
